<?xml version="1.0" encoding="UTF-8"?>
<!-- Generated by org.testng.reporters.JUnitReportReporter -->
<testsuite hostname="DESKTOP-T1NK6F3" failures="0" tests="1" name="com.service.FlipcartTestNG" time="10.036" errors="0" timestamp="2022-10-11T23:18:23 IST" skipped="0">
  <testcase classname="com.service.FlipcartTestNG" name="flipcartPageTest" time="10.036"/>
  <system-out/>
</testsuite> <!-- com.service.FlipcartTestNG -->
