<?xml version="1.0" encoding="UTF-8"?>
<!-- Generated by org.testng.reporters.JUnitReportReporter -->
<testsuite hostname="DESKTOP-T1NK6F3" failures="0" tests="1" name="com.service.LoginPageTest" time="4.831" errors="0" timestamp="2022-10-02T20:20:16 IST" skipped="0">
  <testcase classname="com.service.LoginPageTest" name="loginPageTest" time="4.831"/>
  <system-out/>
</testsuite> <!-- com.service.LoginPageTest -->
