<?xml version="1.0" encoding="UTF-8"?>
<!-- Generated by org.testng.reporters.JUnitReportReporter -->
<testsuite hostname="DESKTOP-T1NK6F3" failures="0" tests="1" name="com.service.GooglePageTest" time="26.602" errors="0" timestamp="2022-10-11T11:36:00 IST" skipped="0">
  <testcase classname="com.service.GooglePageTest" name="googlePageTest" time="26.602"/>
  <system-out/>
</testsuite> <!-- com.service.GooglePageTest -->
